#
# A fatal error has been detected by the Java Runtime Environment:
#
#  EXCEPTION_ACCESS_VIOLATION (0xc0000005) at pc=0x00007ffc500dee03, pid=4408, tid=7916
#
# JRE version: OpenJDK Runtime Environment (15.0.1+9) (build 15.0.1+9-18)
# Java VM: OpenJDK 64-Bit Server VM (15.0.1+9-18, mixed mode, tiered, compressed oops, g1 gc, windows-amd64)
# Problematic frame:
# V  [jvm.dll+0x2fee03]
#
# No core dump will be written. Minidumps are not enabled by default on client versions of Windows
#
# If you would like to submit a bug report, please visit:
#   https://bugreport.java.com/bugreport/crash.jsp
#

---------------  S U M M A R Y ------------

Command Line: -XX:+ShowCodeDetailsInExceptionMessages -agentlib:jdwp=transport=dt_socket,suspend=y,address=localhost:52827 -javaagent:C:\Users\arrud\eclipse\java-2020-12\eclipse\configuration\org.eclipse.osgi\220\0\.cp\lib\javaagent-shaded.jar -Dfile.encoding=Cp1252 --module-path=C:\FATEC\Eclipse\SOTarefa04_04\bin -Djdk.module.main=SOTarefa04_04 SOTarefa04_04/view.Main_Sapo

Host: Intel(R) Core(TM) i5-8265U CPU @ 1.60GHz, 8 cores, 7G,  Windows 10 , 64 bit Build 18362 (10.0.18362.1350)
Time: Sat Mar  6 22:06:51 2021 Hora oficial do Brasil elapsed time: 1130.958846 seconds (0d 0h 18m 50s)

---------------  T H R E A D  ---------------

Current thread (0x000001c37f5c1370):  JavaThread "JDWP Transport Listener: dt_socket" daemon [_thread_in_vm, id=7916, stack(0x000000781e200000,0x000000781e300000)] _threads_hazard_ptr=0x000001c302086cd0

Stack: [0x000000781e200000,0x000000781e300000],  sp=0x000000781e2fed10,  free space=1019k
Native frames: (J=compiled Java code, j=interpreted, Vv=VM code, C=native code)
V  [jvm.dll+0x2fee03]
V  [jvm.dll+0x302c42]
V  [jvm.dll+0x30305f]
V  [jvm.dll+0x2ff236]
V  [jvm.dll+0x619c80]
V  [jvm.dll+0x619963]
V  [jvm.dll+0x5df038]
V  [jvm.dll+0x7783ef]
V  [jvm.dll+0x4f04b1]
V  [jvm.dll+0x787e95]
V  [jvm.dll+0x4d3e40]
V  [jvm.dll+0x495fbb]
C  [jdwp.dll+0x830b]


siginfo: EXCEPTION_ACCESS_VIOLATION (0xc0000005), reading address 0xffffffffffffffff


Register to memory mapping:

RIP=0x00007ffc500dee03 jvm.dll
RAX=0x000001c3020541d0 points into unknown readable memory: 0x1000000802000001 | 01 00 00 02 08 00 00 10
RBX=0x000000781e2feee0 is pointing into the stack for thread: 0x000001c37f5c1370
RCX=0x000000781e2fef50 is pointing into the stack for thread: 0x000001c37f5c1370
RDX=0xfffffffffffffff8 is an unknown value
RSP=0x000000781e2fed10 is pointing into the stack for thread: 0x000001c37f5c1370
RBP=0x00007ffc500dede0 jvm.dll
RSI=0x0 is NULL
RDI=0x000000781e2feee0 is pointing into the stack for thread: 0x000001c37f5c1370
R8 =0x03ffffffffffffff is an unknown value
R9 =0x0000000000000038 is an unknown value
R10=0x00007ffc4fde0000 jvm.dll
R11=0x000001c3020541d0 points into unknown readable memory: 0x1000000802000001 | 01 00 00 02 08 00 00 10
R12=0x00000000000083b0 is an unknown value
R13=0x0000000000000001 is an unknown value
R14=0x0000000000000040 is an unknown value
R15=0x000001c37fbd88c0 is pointing into metadata


Registers:
RAX=0x000001c3020541d0, RBX=0x000000781e2feee0, RCX=0x000000781e2fef50, RDX=0xfffffffffffffff8
RSP=0x000000781e2fed10, RBP=0x00007ffc500dede0, RSI=0x0000000000000000, RDI=0x000000781e2feee0
R8 =0x03ffffffffffffff, R9 =0x0000000000000038, R10=0x00007ffc4fde0000, R11=0x000001c3020541d0
R12=0x00000000000083b0, R13=0x0000000000000001, R14=0x0000000000000040, R15=0x000001c37fbd88c0
RIP=0x00007ffc500dee03, EFLAGS=0x0000000000010a07

Top of Stack: (sp=0x000000781e2fed10)
0x000000781e2fed10:   000000008a087200 0000000000000004
0x000000781e2fed20:   0000000000000000 000000781e2feee0
0x000000781e2fed30:   000000781e2fedb0 00007ffc500e2c42
0x000000781e2fed40:   000000781e2fedb0 000001c37f5cf9c0
0x000000781e2fed50:   000000781e2fedb0 00007ffc4fee9cfe
0x000000781e2fed60:   000001c37fbd89d8 0000000000000010
0x000000781e2fed70:   000001c37fbd8938 000000000000009b
0x000000781e2fed80:   000000000000009b 00007ffc500e305f
0x000000781e2fed90:   000000781e2feee0 000000781e2fede0
0x000000781e2feda0:   0000000000000040 000000781e2fede0
0x000000781e2fedb0:   000001c37fbd89d8 000001c37f5c1370
0x000000781e2fedc0:   0000004300000040 0000009b00000065
0x000000781e2fedd0:   0000006500000000 ffffffff0000009b
0x000000781e2fede0:   0000000000000000 00000000000003d8
0x000000781e2fedf0:   00000000000083b0 000001c302054180
0x000000781e2fee00:   000001c37f5c1370 00007ffc500df236 

Instructions: (pc=0x00007ffc500dee03)
0x00007ffc500ded03:   f8 4c 63 fa 4c 8b f1 48 85 db 74 12 90 39 3b 0f
0x00007ffc500ded13:   84 9b 00 00 00 48 8b 5b 10 48 85 db 75 ef 33 d2
0x00007ffc500ded23:   8d 4a 18 e8 75 3a 38 00 48 8b d8 48 85 c0 74 79
0x00007ffc500ded33:   33 d2 48 89 6c 24 48 49 8b 2e 48 89 74 24 50 89
0x00007ffc500ded43:   38 8d 4a 20 e8 54 3a 38 00 33 ff 48 8b f0 48 85
0x00007ffc500ded53:   c0 74 3f 8b 0d 6c dc 6f 00 8d 57 08 89 48 04 48
0x00007ffc500ded63:   8b c8 89 38 c7 40 10 08 00 00 00 48 89 78 08 e8
0x00007ffc500ded73:   e9 51 01 00 48 89 46 18 39 7e 04 7e 18 48 8b 46
0x00007ffc500ded83:   18 33 d2 8b cf ff c7 48 89 14 c8 3b 7e 04 7c ed
0x00007ffc500ded93:   eb 03 48 8b f7 48 89 73 08 48 8b 74 24 50 48 89
0x00007ffc500deda3:   6b 10 48 8b 6c 24 48 eb 04 33 ff 8b df 49 89 1e
0x00007ffc500dedb3:   48 8b 4b 08 48 8d 54 24 40 4c 89 7c 24 40 e8 7a
0x00007ffc500dedc3:   45 da ff 48 8b 5c 24 58 48 83 c4 20 41 5f 41 5e
0x00007ffc500dedd3:   5f c3 cc cc cc cc cc cc cc cc cc cc cc 40 53 48
0x00007ffc500dede3:   83 ec 20 48 63 d2 48 8b d9 0f b6 c2 48 83 c1 70
0x00007ffc500dedf3:   24 3f 4c 8b c2 44 0f b6 c8 49 c1 e8 06 48 8b 01
0x00007ffc500dee03:   4e 8b 04 c0 4d 0f a3 c8 72 0b 41 b0 01 e8 bb 7a
0x00007ffc500dee13:   df ff ff 43 6c 48 83 c4 20 5b c3 cc cc 8b c2 4c
0x00007ffc500dee23:   8b d1 41 33 c0 a9 00 00 00 f0 0f 84 ca 00 00 00
0x00007ffc500dee33:   44 8b ca 8b c2 41 c1 e9 1d b9 72 00 00 00 41 80
0x00007ffc500dee43:   e1 01 c1 e8 1e 44 8d 59 ae a8 01 74 1a 45 84 c9
0x00007ffc500dee53:   75 0d c1 ea 1c f6 c2 01 75 05 44 8b c9 eb 35 41
0x00007ffc500dee63:   b9 23 00 00 00 eb 2d 45 84 c9 74 08 41 b9 76 00
0x00007ffc500dee73:   00 00 eb 20 8b c2 c1 e8 1c a8 01 74 08 41 b9 70
0x00007ffc500dee83:   00 00 00 eb 0f c1 ea 1f 41 b9 40 00 00 00 84 d2
0x00007ffc500dee93:   45 0f 45 cb 41 8b d0 41 8b c0 c1 ea 1d 80 e2 01
0x00007ffc500deea3:   c1 e8 1e a8 01 74 15 84 d2 75 0a 41 c1 e8 1c 41
0x00007ffc500deeb3:   f6 c0 01 74 33 b9 23 00 00 00 eb 2c 84 d2 74 07
0x00007ffc500deec3:   b9 76 00 00 00 eb 21 41 8b c0 c1 e8 1c a8 01 74
0x00007ffc500deed3:   07 b9 70 00 00 00 eb 10 41 c1 e8 1f b9 40 00 00
0x00007ffc500deee3:   00 45 84 c0 41 0f 45 cb 44 8b c1 48 8d 15 83 00
0x00007ffc500deef3:   59 00 49 8b ca e9 b3 56 00 00 c3 cc cc 40 53 48 


Stack slot to memory mapping:
stack at sp + 0 slots: 0x000000008a087200 is an oop: [Ljava.lang.Object; 
{0x000000008a087200} - klass: 'java/lang/Object'[]
 - length: 4
stack at sp + 1 slots: 0x0000000000000004 is an unknown value
stack at sp + 2 slots: 0x0 is NULL
stack at sp + 3 slots: 0x000000781e2feee0 is pointing into the stack for thread: 0x000001c37f5c1370
stack at sp + 4 slots: 0x000000781e2fedb0 is pointing into the stack for thread: 0x000001c37f5c1370
stack at sp + 5 slots: 0x00007ffc500e2c42 jvm.dll
stack at sp + 6 slots: 0x000000781e2fedb0 is pointing into the stack for thread: 0x000001c37f5c1370
stack at sp + 7 slots: 0x000001c37f5cf9c0 points into unknown readable memory: 0x0000000000000000 | 00 00 00 00 00 00 00 00


---------------  P R O C E S S  ---------------

Threads class SMR info:
_java_thread_list=0x000001c302086cd0, length=14, elements={
0x000001c366854240, 0x000001c37eac3010, 0x000001c37eac58e0, 0x000001c37f31f230,
0x000001c37f321b00, 0x000001c37f3223c0, 0x000001c37f3285c0, 0x000001c37f334ef0,
0x000001c37f39a710, 0x000001c37f3e5660, 0x000001c37f5c1370, 0x000001c37f678a40,
0x000001c37f679330, 0x000001c302077b20
}

Java Threads: ( => current thread )
  0x000001c366854240 JavaThread "main" [_thread_blocked, id=12028, stack(0x000000781d200000,0x000000781d300000)]
  0x000001c37eac3010 JavaThread "Reference Handler" daemon [_thread_blocked, id=8564, stack(0x000000781d900000,0x000000781da00000)]
  0x000001c37eac58e0 JavaThread "Finalizer" daemon [_thread_blocked, id=8872, stack(0x000000781da00000,0x000000781db00000)]
  0x000001c37f31f230 JavaThread "Signal Dispatcher" daemon [_thread_blocked, id=2204, stack(0x000000781db00000,0x000000781dc00000)]
  0x000001c37f321b00 JavaThread "Attach Listener" daemon [_thread_blocked, id=14456, stack(0x000000781dc00000,0x000000781dd00000)]
  0x000001c37f3223c0 JavaThread "Service Thread" daemon [_thread_blocked, id=3160, stack(0x000000781dd00000,0x000000781de00000)]
  0x000001c37f3285c0 JavaThread "C2 CompilerThread0" daemon [_thread_blocked, id=12496, stack(0x000000781de00000,0x000000781df00000)]
  0x000001c37f334ef0 JavaThread "C1 CompilerThread0" daemon [_thread_blocked, id=14512, stack(0x000000781df00000,0x000000781e000000)]
  0x000001c37f39a710 JavaThread "Sweeper thread" daemon [_thread_blocked, id=15120, stack(0x000000781e000000,0x000000781e100000)]
  0x000001c37f3e5660 JavaThread "Common-Cleaner" daemon [_thread_blocked, id=6668, stack(0x000000781e100000,0x000000781e200000)]
=>0x000001c37f5c1370 JavaThread "JDWP Transport Listener: dt_socket" daemon [_thread_in_vm, id=7916, stack(0x000000781e200000,0x000000781e300000)]
  0x000001c37f678a40 JavaThread "JDWP Event Helper Thread" daemon [_thread_blocked, id=9240, stack(0x000000781e300000,0x000000781e400000)]
  0x000001c37f679330 JavaThread "JDWP Command Reader" daemon [_thread_in_native, id=8708, stack(0x000000781e400000,0x000000781e500000)]
  0x000001c302077b20 JavaThread "Notification Thread" daemon [_thread_blocked, id=7068, stack(0x000000781e600000,0x000000781e700000)]

Other Threads:
  0x000001c37f2dbfd0 VMThread "VM Thread" [stack: 0x000000781d800000,0x000000781d900000] [id=704]
  0x000001c366854f00 WatcherThread [stack: 0x000000781e700000,0x000000781e800000] [id=14084]
  0x000001c366895920 GCTaskThread "GC Thread#0" [stack: 0x000000781d300000,0x000000781d400000] [id=1904]
  0x000001c3668a6e20 ConcurrentGCThread "G1 Main Marker" [stack: 0x000000781d400000,0x000000781d500000] [id=8240]
  0x000001c3668a79a0 ConcurrentGCThread "G1 Conc#0" [stack: 0x000000781d500000,0x000000781d600000] [id=10876]
  0x000001c366911120 ConcurrentGCThread "G1 Refine#0" [stack: 0x000000781d600000,0x000000781d700000] [id=2148]
  0x000001c366911c30 ConcurrentGCThread "G1 Young RemSet Sampling" [stack: 0x000000781d700000,0x000000781d800000] [id=10044]

Threads with active compile tasks:

VM state: not at safepoint (normal execution)

VM Mutex/Monitor currently owned by a thread: None

Heap address: 0x0000000082400000, size: 2012 MB, Compressed Oops mode: 32-bit
CDS disabled.
Compressed class space mapped at: 0x0000000100000000-0x0000000140000000, size: 1073741824
Narrow klass base: 0x0000000000000000, Narrow klass shift: 3, Narrow klass range: 0x140000000

GC Precious Log:
 CPUs: 8 total, 8 available
 Memory: 8040M
 Large Page Support: Disabled
 NUMA Support: Disabled
 Compressed Oops: Enabled (32-bit)
 Heap Region Size: 1M
 Heap Min Capacity: 8M
 Heap Initial Capacity: 126M
 Heap Max Capacity: 2012M
 Pre-touch: Disabled
 Parallel Workers: 8
 Concurrent Workers: 2
 Concurrent Refinement Workers: 8
 Periodic GC: Disabled

Heap:
 garbage-first heap   total 129024K, used 5120K [0x0000000082400000, 0x0000000100000000)
  region size 1024K, 6 young (6144K), 0 survivors (0K)
 Metaspace       used 9737K, capacity 9824K, committed 9856K, reserved 1058816K
  class space    used 846K, capacity 887K, committed 896K, reserved 1048576K

Heap Regions: E=young(eden), S=young(survivor), O=old, HS=humongous(starts), HC=humongous(continues), CS=collection set, F=free, OA=open archive, CA=closed archive, TAMS=top-at-mark-start (previous, next)
|   0|0x0000000082400000, 0x0000000082400000, 0x0000000082500000|  0%| F|  |TAMS 0x0000000082400000, 0x0000000082400000| Untracked 
|   1|0x0000000082500000, 0x0000000082500000, 0x0000000082600000|  0%| F|  |TAMS 0x0000000082500000, 0x0000000082500000| Untracked 
|   2|0x0000000082600000, 0x0000000082600000, 0x0000000082700000|  0%| F|  |TAMS 0x0000000082600000, 0x0000000082600000| Untracked 
|   3|0x0000000082700000, 0x0000000082700000, 0x0000000082800000|  0%| F|  |TAMS 0x0000000082700000, 0x0000000082700000| Untracked 
|   4|0x0000000082800000, 0x0000000082800000, 0x0000000082900000|  0%| F|  |TAMS 0x0000000082800000, 0x0000000082800000| Untracked 
|   5|0x0000000082900000, 0x0000000082900000, 0x0000000082a00000|  0%| F|  |TAMS 0x0000000082900000, 0x0000000082900000| Untracked 
|   6|0x0000000082a00000, 0x0000000082a00000, 0x0000000082b00000|  0%| F|  |TAMS 0x0000000082a00000, 0x0000000082a00000| Untracked 
|   7|0x0000000082b00000, 0x0000000082b00000, 0x0000000082c00000|  0%| F|  |TAMS 0x0000000082b00000, 0x0000000082b00000| Untracked 
|   8|0x0000000082c00000, 0x0000000082c00000, 0x0000000082d00000|  0%| F|  |TAMS 0x0000000082c00000, 0x0000000082c00000| Untracked 
|   9|0x0000000082d00000, 0x0000000082d00000, 0x0000000082e00000|  0%| F|  |TAMS 0x0000000082d00000, 0x0000000082d00000| Untracked 
|  10|0x0000000082e00000, 0x0000000082e00000, 0x0000000082f00000|  0%| F|  |TAMS 0x0000000082e00000, 0x0000000082e00000| Untracked 
|  11|0x0000000082f00000, 0x0000000082f00000, 0x0000000083000000|  0%| F|  |TAMS 0x0000000082f00000, 0x0000000082f00000| Untracked 
|  12|0x0000000083000000, 0x0000000083000000, 0x0000000083100000|  0%| F|  |TAMS 0x0000000083000000, 0x0000000083000000| Untracked 
|  13|0x0000000083100000, 0x0000000083100000, 0x0000000083200000|  0%| F|  |TAMS 0x0000000083100000, 0x0000000083100000| Untracked 
|  14|0x0000000083200000, 0x0000000083200000, 0x0000000083300000|  0%| F|  |TAMS 0x0000000083200000, 0x0000000083200000| Untracked 
|  15|0x0000000083300000, 0x0000000083300000, 0x0000000083400000|  0%| F|  |TAMS 0x0000000083300000, 0x0000000083300000| Untracked 
|  16|0x0000000083400000, 0x0000000083400000, 0x0000000083500000|  0%| F|  |TAMS 0x0000000083400000, 0x0000000083400000| Untracked 
|  17|0x0000000083500000, 0x0000000083500000, 0x0000000083600000|  0%| F|  |TAMS 0x0000000083500000, 0x0000000083500000| Untracked 
|  18|0x0000000083600000, 0x0000000083600000, 0x0000000083700000|  0%| F|  |TAMS 0x0000000083600000, 0x0000000083600000| Untracked 
|  19|0x0000000083700000, 0x0000000083700000, 0x0000000083800000|  0%| F|  |TAMS 0x0000000083700000, 0x0000000083700000| Untracked 
|  20|0x0000000083800000, 0x0000000083800000, 0x0000000083900000|  0%| F|  |TAMS 0x0000000083800000, 0x0000000083800000| Untracked 
|  21|0x0000000083900000, 0x0000000083900000, 0x0000000083a00000|  0%| F|  |TAMS 0x0000000083900000, 0x0000000083900000| Untracked 
|  22|0x0000000083a00000, 0x0000000083a00000, 0x0000000083b00000|  0%| F|  |TAMS 0x0000000083a00000, 0x0000000083a00000| Untracked 
|  23|0x0000000083b00000, 0x0000000083b00000, 0x0000000083c00000|  0%| F|  |TAMS 0x0000000083b00000, 0x0000000083b00000| Untracked 
|  24|0x0000000083c00000, 0x0000000083c00000, 0x0000000083d00000|  0%| F|  |TAMS 0x0000000083c00000, 0x0000000083c00000| Untracked 
|  25|0x0000000083d00000, 0x0000000083d00000, 0x0000000083e00000|  0%| F|  |TAMS 0x0000000083d00000, 0x0000000083d00000| Untracked 
|  26|0x0000000083e00000, 0x0000000083e00000, 0x0000000083f00000|  0%| F|  |TAMS 0x0000000083e00000, 0x0000000083e00000| Untracked 
|  27|0x0000000083f00000, 0x0000000083f00000, 0x0000000084000000|  0%| F|  |TAMS 0x0000000083f00000, 0x0000000083f00000| Untracked 
|  28|0x0000000084000000, 0x0000000084000000, 0x0000000084100000|  0%| F|  |TAMS 0x0000000084000000, 0x0000000084000000| Untracked 
|  29|0x0000000084100000, 0x0000000084100000, 0x0000000084200000|  0%| F|  |TAMS 0x0000000084100000, 0x0000000084100000| Untracked 
|  30|0x0000000084200000, 0x0000000084200000, 0x0000000084300000|  0%| F|  |TAMS 0x0000000084200000, 0x0000000084200000| Untracked 
|  31|0x0000000084300000, 0x0000000084300000, 0x0000000084400000|  0%| F|  |TAMS 0x0000000084300000, 0x0000000084300000| Untracked 
|  32|0x0000000084400000, 0x0000000084400000, 0x0000000084500000|  0%| F|  |TAMS 0x0000000084400000, 0x0000000084400000| Untracked 
|  33|0x0000000084500000, 0x0000000084500000, 0x0000000084600000|  0%| F|  |TAMS 0x0000000084500000, 0x0000000084500000| Untracked 
|  34|0x0000000084600000, 0x0000000084600000, 0x0000000084700000|  0%| F|  |TAMS 0x0000000084600000, 0x0000000084600000| Untracked 
|  35|0x0000000084700000, 0x0000000084700000, 0x0000000084800000|  0%| F|  |TAMS 0x0000000084700000, 0x0000000084700000| Untracked 
|  36|0x0000000084800000, 0x0000000084800000, 0x0000000084900000|  0%| F|  |TAMS 0x0000000084800000, 0x0000000084800000| Untracked 
|  37|0x0000000084900000, 0x0000000084900000, 0x0000000084a00000|  0%| F|  |TAMS 0x0000000084900000, 0x0000000084900000| Untracked 
|  38|0x0000000084a00000, 0x0000000084a00000, 0x0000000084b00000|  0%| F|  |TAMS 0x0000000084a00000, 0x0000000084a00000| Untracked 
|  39|0x0000000084b00000, 0x0000000084b00000, 0x0000000084c00000|  0%| F|  |TAMS 0x0000000084b00000, 0x0000000084b00000| Untracked 
|  40|0x0000000084c00000, 0x0000000084c00000, 0x0000000084d00000|  0%| F|  |TAMS 0x0000000084c00000, 0x0000000084c00000| Untracked 
|  41|0x0000000084d00000, 0x0000000084d00000, 0x0000000084e00000|  0%| F|  |TAMS 0x0000000084d00000, 0x0000000084d00000| Untracked 
|  42|0x0000000084e00000, 0x0000000084e00000, 0x0000000084f00000|  0%| F|  |TAMS 0x0000000084e00000, 0x0000000084e00000| Untracked 
|  43|0x0000000084f00000, 0x0000000084f00000, 0x0000000085000000|  0%| F|  |TAMS 0x0000000084f00000, 0x0000000084f00000| Untracked 
|  44|0x0000000085000000, 0x0000000085000000, 0x0000000085100000|  0%| F|  |TAMS 0x0000000085000000, 0x0000000085000000| Untracked 
|  45|0x0000000085100000, 0x0000000085100000, 0x0000000085200000|  0%| F|  |TAMS 0x0000000085100000, 0x0000000085100000| Untracked 
|  46|0x0000000085200000, 0x0000000085200000, 0x0000000085300000|  0%| F|  |TAMS 0x0000000085200000, 0x0000000085200000| Untracked 
|  47|0x0000000085300000, 0x0000000085300000, 0x0000000085400000|  0%| F|  |TAMS 0x0000000085300000, 0x0000000085300000| Untracked 
|  48|0x0000000085400000, 0x0000000085400000, 0x0000000085500000|  0%| F|  |TAMS 0x0000000085400000, 0x0000000085400000| Untracked 
|  49|0x0000000085500000, 0x0000000085500000, 0x0000000085600000|  0%| F|  |TAMS 0x0000000085500000, 0x0000000085500000| Untracked 
|  50|0x0000000085600000, 0x0000000085600000, 0x0000000085700000|  0%| F|  |TAMS 0x0000000085600000, 0x0000000085600000| Untracked 
|  51|0x0000000085700000, 0x0000000085700000, 0x0000000085800000|  0%| F|  |TAMS 0x0000000085700000, 0x0000000085700000| Untracked 
|  52|0x0000000085800000, 0x0000000085800000, 0x0000000085900000|  0%| F|  |TAMS 0x0000000085800000, 0x0000000085800000| Untracked 
|  53|0x0000000085900000, 0x0000000085900000, 0x0000000085a00000|  0%| F|  |TAMS 0x0000000085900000, 0x0000000085900000| Untracked 
|  54|0x0000000085a00000, 0x0000000085a00000, 0x0000000085b00000|  0%| F|  |TAMS 0x0000000085a00000, 0x0000000085a00000| Untracked 
|  55|0x0000000085b00000, 0x0000000085b00000, 0x0000000085c00000|  0%| F|  |TAMS 0x0000000085b00000, 0x0000000085b00000| Untracked 
|  56|0x0000000085c00000, 0x0000000085c00000, 0x0000000085d00000|  0%| F|  |TAMS 0x0000000085c00000, 0x0000000085c00000| Untracked 
|  57|0x0000000085d00000, 0x0000000085d00000, 0x0000000085e00000|  0%| F|  |TAMS 0x0000000085d00000, 0x0000000085d00000| Untracked 
|  58|0x0000000085e00000, 0x0000000085e00000, 0x0000000085f00000|  0%| F|  |TAMS 0x0000000085e00000, 0x0000000085e00000| Untracked 
|  59|0x0000000085f00000, 0x0000000085f00000, 0x0000000086000000|  0%| F|  |TAMS 0x0000000085f00000, 0x0000000085f00000| Untracked 
|  60|0x0000000086000000, 0x0000000086000000, 0x0000000086100000|  0%| F|  |TAMS 0x0000000086000000, 0x0000000086000000| Untracked 
|  61|0x0000000086100000, 0x0000000086100000, 0x0000000086200000|  0%| F|  |TAMS 0x0000000086100000, 0x0000000086100000| Untracked 
|  62|0x0000000086200000, 0x0000000086200000, 0x0000000086300000|  0%| F|  |TAMS 0x0000000086200000, 0x0000000086200000| Untracked 
|  63|0x0000000086300000, 0x0000000086300000, 0x0000000086400000|  0%| F|  |TAMS 0x0000000086300000, 0x0000000086300000| Untracked 
|  64|0x0000000086400000, 0x0000000086400000, 0x0000000086500000|  0%| F|  |TAMS 0x0000000086400000, 0x0000000086400000| Untracked 
|  65|0x0000000086500000, 0x0000000086500000, 0x0000000086600000|  0%| F|  |TAMS 0x0000000086500000, 0x0000000086500000| Untracked 
|  66|0x0000000086600000, 0x0000000086600000, 0x0000000086700000|  0%| F|  |TAMS 0x0000000086600000, 0x0000000086600000| Untracked 
|  67|0x0000000086700000, 0x0000000086700000, 0x0000000086800000|  0%| F|  |TAMS 0x0000000086700000, 0x0000000086700000| Untracked 
|  68|0x0000000086800000, 0x0000000086800000, 0x0000000086900000|  0%| F|  |TAMS 0x0000000086800000, 0x0000000086800000| Untracked 
|  69|0x0000000086900000, 0x0000000086900000, 0x0000000086a00000|  0%| F|  |TAMS 0x0000000086900000, 0x0000000086900000| Untracked 
|  70|0x0000000086a00000, 0x0000000086a00000, 0x0000000086b00000|  0%| F|  |TAMS 0x0000000086a00000, 0x0000000086a00000| Untracked 
|  71|0x0000000086b00000, 0x0000000086b00000, 0x0000000086c00000|  0%| F|  |TAMS 0x0000000086b00000, 0x0000000086b00000| Untracked 
|  72|0x0000000086c00000, 0x0000000086c00000, 0x0000000086d00000|  0%| F|  |TAMS 0x0000000086c00000, 0x0000000086c00000| Untracked 
|  73|0x0000000086d00000, 0x0000000086d00000, 0x0000000086e00000|  0%| F|  |TAMS 0x0000000086d00000, 0x0000000086d00000| Untracked 
|  74|0x0000000086e00000, 0x0000000086e00000, 0x0000000086f00000|  0%| F|  |TAMS 0x0000000086e00000, 0x0000000086e00000| Untracked 
|  75|0x0000000086f00000, 0x0000000086f00000, 0x0000000087000000|  0%| F|  |TAMS 0x0000000086f00000, 0x0000000086f00000| Untracked 
|  76|0x0000000087000000, 0x0000000087000000, 0x0000000087100000|  0%| F|  |TAMS 0x0000000087000000, 0x0000000087000000| Untracked 
|  77|0x0000000087100000, 0x0000000087100000, 0x0000000087200000|  0%| F|  |TAMS 0x0000000087100000, 0x0000000087100000| Untracked 
|  78|0x0000000087200000, 0x0000000087200000, 0x0000000087300000|  0%| F|  |TAMS 0x0000000087200000, 0x0000000087200000| Untracked 
|  79|0x0000000087300000, 0x0000000087300000, 0x0000000087400000|  0%| F|  |TAMS 0x0000000087300000, 0x0000000087300000| Untracked 
|  80|0x0000000087400000, 0x0000000087400000, 0x0000000087500000|  0%| F|  |TAMS 0x0000000087400000, 0x0000000087400000| Untracked 
|  81|0x0000000087500000, 0x0000000087500000, 0x0000000087600000|  0%| F|  |TAMS 0x0000000087500000, 0x0000000087500000| Untracked 
|  82|0x0000000087600000, 0x0000000087600000, 0x0000000087700000|  0%| F|  |TAMS 0x0000000087600000, 0x0000000087600000| Untracked 
|  83|0x0000000087700000, 0x0000000087700000, 0x0000000087800000|  0%| F|  |TAMS 0x0000000087700000, 0x0000000087700000| Untracked 
|  84|0x0000000087800000, 0x0000000087800000, 0x0000000087900000|  0%| F|  |TAMS 0x0000000087800000, 0x0000000087800000| Untracked 
|  85|0x0000000087900000, 0x0000000087900000, 0x0000000087a00000|  0%| F|  |TAMS 0x0000000087900000, 0x0000000087900000| Untracked 
|  86|0x0000000087a00000, 0x0000000087a00000, 0x0000000087b00000|  0%| F|  |TAMS 0x0000000087a00000, 0x0000000087a00000| Untracked 
|  87|0x0000000087b00000, 0x0000000087b00000, 0x0000000087c00000|  0%| F|  |TAMS 0x0000000087b00000, 0x0000000087b00000| Untracked 
|  88|0x0000000087c00000, 0x0000000087c00000, 0x0000000087d00000|  0%| F|  |TAMS 0x0000000087c00000, 0x0000000087c00000| Untracked 
|  89|0x0000000087d00000, 0x0000000087d00000, 0x0000000087e00000|  0%| F|  |TAMS 0x0000000087d00000, 0x0000000087d00000| Untracked 
|  90|0x0000000087e00000, 0x0000000087e00000, 0x0000000087f00000|  0%| F|  |TAMS 0x0000000087e00000, 0x0000000087e00000| Untracked 
|  91|0x0000000087f00000, 0x0000000087f00000, 0x0000000088000000|  0%| F|  |TAMS 0x0000000087f00000, 0x0000000087f00000| Untracked 
|  92|0x0000000088000000, 0x0000000088000000, 0x0000000088100000|  0%| F|  |TAMS 0x0000000088000000, 0x0000000088000000| Untracked 
|  93|0x0000000088100000, 0x0000000088100000, 0x0000000088200000|  0%| F|  |TAMS 0x0000000088100000, 0x0000000088100000| Untracked 
|  94|0x0000000088200000, 0x0000000088200000, 0x0000000088300000|  0%| F|  |TAMS 0x0000000088200000, 0x0000000088200000| Untracked 
|  95|0x0000000088300000, 0x0000000088300000, 0x0000000088400000|  0%| F|  |TAMS 0x0000000088300000, 0x0000000088300000| Untracked 
|  96|0x0000000088400000, 0x0000000088400000, 0x0000000088500000|  0%| F|  |TAMS 0x0000000088400000, 0x0000000088400000| Untracked 
|  97|0x0000000088500000, 0x0000000088500000, 0x0000000088600000|  0%| F|  |TAMS 0x0000000088500000, 0x0000000088500000| Untracked 
|  98|0x0000000088600000, 0x0000000088600000, 0x0000000088700000|  0%| F|  |TAMS 0x0000000088600000, 0x0000000088600000| Untracked 
|  99|0x0000000088700000, 0x0000000088700000, 0x0000000088800000|  0%| F|  |TAMS 0x0000000088700000, 0x0000000088700000| Untracked 
| 100|0x0000000088800000, 0x0000000088800000, 0x0000000088900000|  0%| F|  |TAMS 0x0000000088800000, 0x0000000088800000| Untracked 
| 101|0x0000000088900000, 0x0000000088900000, 0x0000000088a00000|  0%| F|  |TAMS 0x0000000088900000, 0x0000000088900000| Untracked 
| 102|0x0000000088a00000, 0x0000000088a00000, 0x0000000088b00000|  0%| F|  |TAMS 0x0000000088a00000, 0x0000000088a00000| Untracked 
| 103|0x0000000088b00000, 0x0000000088b00000, 0x0000000088c00000|  0%| F|  |TAMS 0x0000000088b00000, 0x0000000088b00000| Untracked 
| 104|0x0000000088c00000, 0x0000000088c00000, 0x0000000088d00000|  0%| F|  |TAMS 0x0000000088c00000, 0x0000000088c00000| Untracked 
| 105|0x0000000088d00000, 0x0000000088d00000, 0x0000000088e00000|  0%| F|  |TAMS 0x0000000088d00000, 0x0000000088d00000| Untracked 
| 106|0x0000000088e00000, 0x0000000088e00000, 0x0000000088f00000|  0%| F|  |TAMS 0x0000000088e00000, 0x0000000088e00000| Untracked 
| 107|0x0000000088f00000, 0x0000000088f00000, 0x0000000089000000|  0%| F|  |TAMS 0x0000000088f00000, 0x0000000088f00000| Untracked 
| 108|0x0000000089000000, 0x0000000089000000, 0x0000000089100000|  0%| F|  |TAMS 0x0000000089000000, 0x0000000089000000| Untracked 
| 109|0x0000000089100000, 0x0000000089100000, 0x0000000089200000|  0%| F|  |TAMS 0x0000000089100000, 0x0000000089100000| Untracked 
| 110|0x0000000089200000, 0x0000000089200000, 0x0000000089300000|  0%| F|  |TAMS 0x0000000089200000, 0x0000000089200000| Untracked 
| 111|0x0000000089300000, 0x0000000089300000, 0x0000000089400000|  0%| F|  |TAMS 0x0000000089300000, 0x0000000089300000| Untracked 
| 112|0x0000000089400000, 0x0000000089400000, 0x0000000089500000|  0%| F|  |TAMS 0x0000000089400000, 0x0000000089400000| Untracked 
| 113|0x0000000089500000, 0x0000000089500000, 0x0000000089600000|  0%| F|  |TAMS 0x0000000089500000, 0x0000000089500000| Untracked 
| 114|0x0000000089600000, 0x0000000089600000, 0x0000000089700000|  0%| F|  |TAMS 0x0000000089600000, 0x0000000089600000| Untracked 
| 115|0x0000000089700000, 0x0000000089700000, 0x0000000089800000|  0%| F|  |TAMS 0x0000000089700000, 0x0000000089700000| Untracked 
| 116|0x0000000089800000, 0x0000000089800000, 0x0000000089900000|  0%| F|  |TAMS 0x0000000089800000, 0x0000000089800000| Untracked 
| 117|0x0000000089900000, 0x0000000089900000, 0x0000000089a00000|  0%| F|  |TAMS 0x0000000089900000, 0x0000000089900000| Untracked 
| 118|0x0000000089a00000, 0x0000000089a00000, 0x0000000089b00000|  0%| F|  |TAMS 0x0000000089a00000, 0x0000000089a00000| Untracked 
| 119|0x0000000089b00000, 0x0000000089b00000, 0x0000000089c00000|  0%| F|  |TAMS 0x0000000089b00000, 0x0000000089b00000| Untracked 
| 120|0x0000000089c00000, 0x0000000089c76448, 0x0000000089d00000| 46%| E|  |TAMS 0x0000000089c00000, 0x0000000089c00000| Complete 
| 121|0x0000000089d00000, 0x0000000089e00000, 0x0000000089e00000|100%| E|CS|TAMS 0x0000000089d00000, 0x0000000089d00000| Complete 
| 122|0x0000000089e00000, 0x0000000089f00000, 0x0000000089f00000|100%| E|CS|TAMS 0x0000000089e00000, 0x0000000089e00000| Complete 
| 123|0x0000000089f00000, 0x000000008a000000, 0x000000008a000000|100%| E|CS|TAMS 0x0000000089f00000, 0x0000000089f00000| Complete 
| 124|0x000000008a000000, 0x000000008a100000, 0x000000008a100000|100%| E|CS|TAMS 0x000000008a000000, 0x000000008a000000| Complete 
| 125|0x000000008a100000, 0x000000008a200000, 0x000000008a200000|100%| E|CS|TAMS 0x000000008a100000, 0x000000008a100000| Complete 

Card table byte_map: [0x000001c379980000,0x000001c379d70000] _byte_map_base: 0x000001c37956e000

Marking Bits (Prev, Next): (CMBitMap*) 0x000001c3668960a0, (CMBitMap*) 0x000001c3668960e0
 Prev Bits: [0x000001c37a160000, 0x000001c37c0d0000)
 Next Bits: [0x000001c37c0d0000, 0x000001c37e040000)

Polling page: 0x000001c366020000

Metaspace:

Usage:
  Non-class:      8.73 MB capacity,     8.68 MB (>99%) used,    39.84 KB ( <1%) free+waste,     6.00 KB ( <1%) overhead. 
      Class:    887.00 KB capacity,   846.03 KB ( 95%) used,    39.03 KB (  4%) free+waste,     1.94 KB ( <1%) overhead. 
       Both:      9.59 MB capacity,     9.51 MB (>99%) used,    78.87 KB ( <1%) free+waste,     7.94 KB ( <1%) overhead. 

Virtual space:
  Non-class space:       10.00 MB reserved,       8.75 MB ( 88%) committed 
      Class space:        1.00 GB reserved,     896.00 KB ( <1%) committed 
             Both:        1.01 GB reserved,       9.63 MB ( <1%) committed 

Chunk freelists:
   Non-Class:  23.00 KB
       Class:  9.00 KB
        Both:  32.00 KB

MaxMetaspaceSize: 17179869184.00 GB
CompressedClassSpaceSize: 1.00 GB

CodeHeap 'non-profiled nmethods': size=120000Kb used=124Kb max_used=124Kb free=119876Kb
 bounds [0x000001c371d30000, 0x000001c371fa0000, 0x000001c379260000]
CodeHeap 'profiled nmethods': size=120000Kb used=555Kb max_used=555Kb free=119444Kb
 bounds [0x000001c36a800000, 0x000001c36aa70000, 0x000001c371d30000]
CodeHeap 'non-nmethods': size=5760Kb used=1230Kb max_used=1247Kb free=4529Kb
 bounds [0x000001c36a260000, 0x000001c36a4d0000, 0x000001c36a800000]
 total_blobs=799 nmethods=404 adapters=308
 compilation: enabled
              stopped_count=0, restarted_count=0
 full_count=0

Compilation events (20 events):
Event: 185.339 Thread 0x000001c37f334ef0  397       3       org.eclipse.jdt.launching.internal.org.objectweb.asm.ClassReader::readUtf (44 bytes)
Event: 185.343 Thread 0x000001c37f334ef0 nmethod 397 0x000001c36a887d90 code [0x000001c36a887f60, 0x000001c36a888338]
Event: 185.343 Thread 0x000001c37f334ef0  398       3       java.lang.String::<init> (14 bytes)
Event: 185.343 Thread 0x000001c37f334ef0 nmethod 398 0x000001c36a888510 code [0x000001c36a8886c0, 0x000001c36a8888b8]
Event: 185.343 Thread 0x000001c37f334ef0  399       3       java.lang.String::rangeCheck (9 bytes)
Event: 185.343 Thread 0x000001c37f334ef0 nmethod 399 0x000001c36a888a10 code [0x000001c36a888bc0, 0x000001c36a888ce8]
Event: 936.163 Thread 0x000001c37f334ef0  400       3       org.eclipse.jdt.launching.internal.org.objectweb.asm.Symbol::<init> (38 bytes)
Event: 936.164 Thread 0x000001c37f334ef0 nmethod 400 0x000001c36a888d90 code [0x000001c36a888f40, 0x000001c36a8891d8]
Event: 936.164 Thread 0x000001c37f334ef0  401       3       org.eclipse.jdt.launching.internal.org.objectweb.asm.SymbolTable::add (39 bytes)
Event: 936.164 Thread 0x000001c37f334ef0 nmethod 401 0x000001c36a889310 code [0x000001c36a8894c0, 0x000001c36a8897f8]
Event: 936.164 Thread 0x000001c37f334ef0  402       3       org.eclipse.jdt.launching.internal.org.objectweb.asm.ClassReader::readUTF8 (23 bytes)
Event: 936.165 Thread 0x000001c37f334ef0 nmethod 402 0x000001c36a889910 code [0x000001c36a889ac0, 0x000001c36a889cf8]
Event: 1048.359 Thread 0x000001c37f334ef0  404       3       org.eclipse.jdt.launching.internal.org.objectweb.asm.ClassReader::getItem (7 bytes)
Event: 1048.359 Thread 0x000001c37f334ef0 nmethod 404 0x000001c36a889e10 code [0x000001c36a889fa0, 0x000001c36a88a0d8]
Event: 1048.359 Thread 0x000001c37f334ef0  405       3       org.eclipse.jdt.launching.internal.org.objectweb.asm.ClassReader::readUtf (161 bytes)
Event: 1048.365 Thread 0x000001c37f334ef0 

Event: 1048.365 Thread 0x000001c37f334ef0  406       3       java.lang.String::<init> (74 bytes)
Event: 1048.366 Thread 0x000001c37f334ef0 nmethod 406 0x000001c36a88a190 code [0x000001c36a88a360, 0x000001c36a88a738]
Event: 1048.366 Thread 0x000001c37f334ef0  403       3       org.eclipse.jdt.launching.internal.org.objectweb.asm.SymbolTable$Entry::<init> (17 bytes)
Event: 1048.366 Thread 0x000001c37f334ef0 nmethod 403 0x000001c36a88a890 code [0x000001c36a88aa40, 0x000001c36a88abc8]

GC Heap History (0 events):
No events

Deoptimization events (20 events):
Event: 0.694 Thread 0x000001c366854240 DEOPT PACKING pc=0x000001c36a873e2c sp=0x000000781d2f8900
Event: 0.694 Thread 0x000001c366854240 DEOPT UNPACKING pc=0x000001c36a2ae23f sp=0x000000781d2f7dc8 mode 0
Event: 0.694 Thread 0x000001c366854240 DEOPT PACKING pc=0x000001c36a873e2c sp=0x000000781d2f8900
Event: 0.694 Thread 0x000001c366854240 DEOPT UNPACKING pc=0x000001c36a2ae23f sp=0x000000781d2f7dc8 mode 0
Event: 0.697 Thread 0x000001c366854240 DEOPT PACKING pc=0x000001c36a873e2c sp=0x000000781d2f8900
Event: 0.697 Thread 0x000001c366854240 DEOPT UNPACKING pc=0x000001c36a2ae23f sp=0x000000781d2f7dc8 mode 0
Event: 0.702 Thread 0x000001c366854240 DEOPT PACKING pc=0x000001c36a873e2c sp=0x000000781d2fc3e0
Event: 0.702 Thread 0x000001c366854240 DEOPT UNPACKING pc=0x000001c36a2ae23f sp=0x000000781d2fb8a8 mode 0
Event: 0.702 Thread 0x000001c366854240 DEOPT PACKING pc=0x000001c36a873e2c sp=0x000000781d2fc3e0
Event: 0.702 Thread 0x000001c366854240 DEOPT UNPACKING pc=0x000001c36a2ae23f sp=0x000000781d2fb8a8 mode 0
Event: 0.702 Thread 0x000001c366854240 DEOPT PACKING pc=0x000001c36a873e2c sp=0x000000781d2fc3e0
Event: 0.702 Thread 0x000001c366854240 DEOPT UNPACKING pc=0x000001c36a2ae23f sp=0x000000781d2fb8a8 mode 0
Event: 0.714 Thread 0x000001c366854240 DEOPT PACKING pc=0x000001c36a873e2c sp=0x000000781d2f84f0
Event: 0.714 Thread 0x000001c366854240 DEOPT UNPACKING pc=0x000001c36a2ae23f sp=0x000000781d2f79b8 mode 0
Event: 0.714 Thread 0x000001c366854240 DEOPT PACKING pc=0x000001c36a873e2c sp=0x000000781d2f84f0
Event: 0.714 Thread 0x000001c366854240 DEOPT UNPACKING pc=0x000001c36a2ae23f sp=0x000000781d2f79b8 mode 0
Event: 0.715 Thread 0x000001c366854240 DEOPT PACKING pc=0x000001c36a873e2c sp=0x000000781d2f84f0
Event: 0.715 Thread 0x000001c366854240 DEOPT UNPACKING pc=0x000001c36a2ae23f sp=0x000000781d2f79b8 mode 0
Event: 0.716 Thread 0x000001c366854240 DEOPT PACKING pc=0x000001c36a873e2c sp=0x000000781d2f84f0
Event: 0.716 Thread 0x000001c366854240 DEOPT UNPACKING pc=0x000001c36a2ae23f sp=0x000000781d2f79b8 mode 0

Classes unloaded (0 events):
No events

Classes redefined (4 events):
Event: 123.867 Thread 0x000001c37f2dbfd0 redefined class name=view.Main_Sapo, count=1
Event: 185.341 Thread 0x000001c37f2dbfd0 redefined class name=view.Main_Sapo, count=2
Event: 936.167 Thread 0x000001c37f2dbfd0 redefined class name=view.Main_Sapo, count=3
Event: 1048.360 Thread 0x000001c37f2dbfd0 redefined class name=view.Main_Sapo, count=4

Internal exceptions (4 events):
Event: 0.259 Thread 0x000001c366854240 Exception <a 'java/lang/NoSuchMethodError'{0x000000008a1b4018}: 'void java.lang.invoke.DirectMethodHandle$Holder.invokeVirtual(java.lang.Object, java.lang.Object)'> (0x000000008a1b4018) 
thrown [./open/src/hotspot/share/interpreter/linkResolver.cpp, line 782]
Event: 0.515 Thread 0x000001c366854240 Exception <a 'java/lang/NoSuchMethodError'{0x0000000089f2ef98}: 'void java.lang.invoke.DirectMethodHandle$Holder.invokeStatic(java.lang.Object, java.lang.Object)'> (0x0000000089f2ef98) 
thrown [./open/src/hotspot/share/interpreter/linkResolver.cpp, line 782]
Event: 0.517 Thread 0x000001c366854240 Exception <a 'java/lang/NoSuchMethodError'{0x0000000089f32858}: 'void java.lang.invoke.DirectMethodHandle$Holder.invokeStaticInit(java.lang.Object, java.lang.Object)'> (0x0000000089f32858) 
thrown [./open/src/hotspot/share/interpreter/linkResolver.cpp, line 782]
Event: 0.660 Thread 0x000001c366854240 Exception <a 'java/lang/NoSuchMethodError'{0x0000000089d13e60}: 'java.lang.Object java.lang.invoke.DirectMethodHandle$Holder.invokeStatic(java.lang.Object)'> (0x0000000089d13e60) 
thrown [./open/src/hotspot/share/interpreter/linkResolver.cpp, line 782]

Events (20 events):
Event: 1048.359 Executing VM operation: RedefineClasses
Event: 1048.365 Executing VM operation: RedefineClasses done
Event: 1048.370 Executing VM operation: ChangeBreakpoints
Event: 1048.371 Executing VM operation: ChangeBreakpoints done
Event: 1048.380 Executing VM operation: ChangeBreakpoints
Event: 1048.381 Executing VM operation: ChangeBreakpoints done
Event: 1048.381 Executing VM operation: ChangeBreakpoints
Event: 1048.382 Executing VM operation: ChangeBreakpoints done
Event: 1048.390 Executing VM operation: ChangeBreakpoints
Event: 1048.390 Executing VM operation: ChangeBreakpoints done
Event: 1048.396 Executing VM operation: ChangeBreakpoints
Event: 1048.396 Executing VM operation: ChangeBreakpoints done
Event: 1048.405 Executing VM operation: ChangeBreakpoints
Event: 1048.406 Executing VM operation: ChangeBreakpoints done
Event: 1048.407 Executing VM operation: GetFrameCount
Event: 1048.408 Executing VM operation: GetFrameCount done
Event: 1048.408 Executing VM operation: GetStackTrace
Event: 1048.408 Executing VM operation: GetStackTrace done
Event: 1130.938 Executing VM operation: GetFrameCount
Event: 1130.938 Executing VM operation: GetFrameCount done


Dynamic libraries:
0x00007ff6d3460000 - 0x00007ff6d346d000 	C:\Users\arrud\.p2\pool\plugins\org.eclipse.justj.openjdk.hotspot.jre.full.win32.x86_64_15.0.1.v20201027-0507\jre\bin\javaw.exe
0x00007ffca17a0000 - 0x00007ffca1990000 	C:\Windows\SYSTEM32\ntdll.dll
0x00007ffca0550000 - 0x00007ffca0602000 	C:\Windows\System32\KERNEL32.DLL
0x00007ffc9ed40000 - 0x00007ffc9efe5000 	C:\Windows\System32\KERNELBASE.dll
0x00007ffc9e7b0000 - 0x00007ffc9e8aa000 	C:\Windows\System32\ucrtbase.dll
0x00007ffc995e0000 - 0x00007ffc995f8000 	C:\Users\arrud\.p2\pool\plugins\org.eclipse.justj.openjdk.hotspot.jre.full.win32.x86_64_15.0.1.v20201027-0507\jre\bin\jli.dll
0x00007ffc995c0000 - 0x00007ffc995d9000 	C:\Users\arrud\.p2\pool\plugins\org.eclipse.justj.openjdk.hotspot.jre.full.win32.x86_64_15.0.1.v20201027-0507\jre\bin\VCRUNTIME140.dll
0x00007ffca1520000 - 0x00007ffca16b4000 	C:\Windows\System32\USER32.dll
0x00007ffc8b5e0000 - 0x00007ffc8b864000 	C:\Windows\WinSxS\amd64_microsoft.windows.common-controls_6595b64144ccf1df_6.0.18362.1379_none_9e7ff3b3e45cc0c4\COMCTL32.dll
0x00007ffc9f7f0000 - 0x00007ffc9f811000 	C:\Windows\System32\win32u.dll
0x00007ffca02b0000 - 0x00007ffca034e000 	C:\Windows\System32\msvcrt.dll
0x00007ffc9f820000 - 0x00007ffc9f846000 	C:\Windows\System32\GDI32.dll
0x00007ffca11e0000 - 0x00007ffca1517000 	C:\Windows\System32\combase.dll
0x00007ffc9e960000 - 0x00007ffc9eaf8000 	C:\Windows\System32\gdi32full.dll
0x00007ffca08f0000 - 0x00007ffca0a0f000 	C:\Windows\System32\RPCRT4.dll
0x00007ffc9eb00000 - 0x00007ffc9eb9e000 	C:\Windows\System32\msvcp_win.dll
0x00007ffc9e720000 - 0x00007ffc9e7a1000 	C:\Windows\System32\bcryptPrimitives.dll
0x00007ffca0810000 - 0x00007ffca083e000 	C:\Windows\System32\IMM32.DLL
0x00007ffc9c890000 - 0x00007ffc9c89c000 	C:\Users\arrud\.p2\pool\plugins\org.eclipse.justj.openjdk.hotspot.jre.full.win32.x86_64_15.0.1.v20201027-0507\jre\bin\vcruntime140_1.dll
0x00007ffc98da0000 - 0x00007ffc98e31000 	C:\Users\arrud\.p2\pool\plugins\org.eclipse.justj.openjdk.hotspot.jre.full.win32.x86_64_15.0.1.v20201027-0507\jre\bin\msvcp140.dll
0x00007ffc4fde0000 - 0x00007ffc5093e000 	C:\Users\arrud\.p2\pool\plugins\org.eclipse.justj.openjdk.hotspot.jre.full.win32.x86_64_15.0.1.v20201027-0507\jre\bin\server\jvm.dll
0x00007ffca0840000 - 0x00007ffca08e3000 	C:\Windows\System32\ADVAPI32.dll
0x00007ffca0770000 - 0x00007ffca0807000 	C:\Windows\System32\sechost.dll
0x00007ffc9fa20000 - 0x00007ffc9fa28000 	C:\Windows\System32\PSAPI.DLL
0x00007ffc91860000 - 0x00007ffc91869000 	C:\Windows\SYSTEM32\WSOCK32.dll
0x00007ffc9c670000 - 0x00007ffc9c694000 	C:\Windows\SYSTEM32\WINMM.dll
0x00007ffca0b40000 - 0x00007ffca0baf000 	C:\Windows\System32\WS2_32.dll
0x00007ffc985e0000 - 0x00007ffc985ea000 	C:\Windows\SYSTEM32\VERSION.dll
0x00007ffc9c640000 - 0x00007ffc9c66d000 	C:\Windows\SYSTEM32\WINMMBASE.dll
0x00007ffc9ecf0000 - 0x00007ffc9ed3a000 	C:\Windows\System32\cfgmgr32.dll
0x00007ffc9e6a0000 - 0x00007ffc9e6b1000 	C:\Windows\System32\kernel.appcore.dll
0x00007ffc90a00000 - 0x00007ffc90a0a000 	C:\Users\arrud\.p2\pool\plugins\org.eclipse.justj.openjdk.hotspot.jre.full.win32.x86_64_15.0.1.v20201027-0507\jre\bin\jimage.dll
0x00007ffc8ddf0000 - 0x00007ffc8dfe4000 	C:\Windows\SYSTEM32\DBGHELP.DLL
0x00007ffc8bcb0000 - 0x00007ffc8bcda000 	C:\Windows\SYSTEM32\dbgcore.DLL
0x00007ffc990a0000 - 0x00007ffc990d9000 	C:\Users\arrud\.p2\pool\plugins\org.eclipse.justj.openjdk.hotspot.jre.full.win32.x86_64_15.0.1.v20201027-0507\jre\bin\jdwp.dll
0x00007ffc9ae30000 - 0x00007ffc9ae3e000 	C:\Users\arrud\.p2\pool\plugins\org.eclipse.justj.openjdk.hotspot.jre.full.win32.x86_64_15.0.1.v20201027-0507\jre\bin\instrument.dll
0x00007ffc8c290000 - 0x00007ffc8c2b5000 	C:\Users\arrud\.p2\pool\plugins\org.eclipse.justj.openjdk.hotspot.jre.full.win32.x86_64_15.0.1.v20201027-0507\jre\bin\java.dll
0x00007ffc909e0000 - 0x00007ffc909f8000 	C:\Users\arrud\.p2\pool\plugins\org.eclipse.justj.openjdk.hotspot.jre.full.win32.x86_64_15.0.1.v20201027-0507\jre\bin\zip.dll
0x00007ffc9fbc0000 - 0x00007ffca02a8000 	C:\Windows\System32\SHELL32.dll
0x00007ffca0a10000 - 0x00007ffca0ab7000 	C:\Windows\System32\shcore.dll
0x00007ffc9f070000 - 0x00007ffc9f7eb000 	C:\Windows\System32\windows.storage.dll
0x00007ffc9e6c0000 - 0x00007ffc9e6e3000 	C:\Windows\System32\profapi.dll
0x00007ffc9e630000 - 0x00007ffc9e67a000 	C:\Windows\System32\powrprof.dll
0x00007ffc9e620000 - 0x00007ffc9e630000 	C:\Windows\System32\UMPDC.dll
0x00007ffc9fb60000 - 0x00007ffc9fbb2000 	C:\Windows\System32\shlwapi.dll
0x00007ffc9f050000 - 0x00007ffc9f067000 	C:\Windows\System32\cryptsp.dll
0x00007ffc8d540000 - 0x00007ffc8d559000 	C:\Users\arrud\.p2\pool\plugins\org.eclipse.justj.openjdk.hotspot.jre.full.win32.x86_64_15.0.1.v20201027-0507\jre\bin\net.dll
0x00007ffc95b30000 - 0x00007ffc95c20000 	C:\Windows\SYSTEM32\WINHTTP.dll
0x00007ffc9de00000 - 0x00007ffc9de67000 	C:\Windows\system32\mswsock.dll
0x00007ffc8c270000 - 0x00007ffc8c282000 	C:\Users\arrud\.p2\pool\plugins\org.eclipse.justj.openjdk.hotspot.jre.full.win32.x86_64_15.0.1.v20201027-0507\jre\bin\nio.dll
0x00007ffc99b80000 - 0x00007ffc99b8b000 	C:\Users\arrud\.p2\pool\plugins\org.eclipse.justj.openjdk.hotspot.jre.full.win32.x86_64_15.0.1.v20201027-0507\jre\bin\dt_socket.dll
0x00007ffc9db10000 - 0x00007ffc9db4a000 	C:\Windows\SYSTEM32\IPHLPAPI.DLL
0x00007ffc9db50000 - 0x00007ffc9dc1b000 	C:\Windows\SYSTEM32\DNSAPI.dll
0x00007ffca0d60000 - 0x00007ffca0d68000 	C:\Windows\System32\NSI.dll
0x00007ffc97a50000 - 0x00007ffc97a5a000 	C:\Windows\System32\rasadhlp.dll
0x00007ffc960d0000 - 0x00007ffc96147000 	C:\Windows\System32\fwpuclnt.dll
0x00007ffc9e6f0000 - 0x00007ffc9e716000 	C:\Windows\System32\bcrypt.dll
0x00007ffc8d640000 - 0x00007ffc8d650000 	C:\Users\arrud\.p2\pool\plugins\org.eclipse.justj.openjdk.hotspot.jre.full.win32.x86_64_15.0.1.v20201027-0507\jre\bin\verify.dll

dbghelp: loaded successfully - version: 4.0.5 - missing functions: none
symbol engine: initialized successfully - sym options: 0x614 - pdb path: .;C:\Users\arrud\.p2\pool\plugins\org.eclipse.justj.openjdk.hotspot.jre.full.win32.x86_64_15.0.1.v20201027-0507\jre\bin;C:\Windows\SYSTEM32;C:\Windows\WinSxS\amd64_microsoft.windows.common-controls_6595b64144ccf1df_6.0.18362.1379_none_9e7ff3b3e45cc0c4;C:\Users\arrud\.p2\pool\plugins\org.eclipse.justj.openjdk.hotspot.jre.full.win32.x86_64_15.0.1.v20201027-0507\jre\bin\server

VM Arguments:
jvm_args: -XX:+ShowCodeDetailsInExceptionMessages -agentlib:jdwp=transport=dt_socket,suspend=y,address=localhost:52827 -javaagent:C:\Users\arrud\eclipse\java-2020-12\eclipse\configuration\org.eclipse.osgi\220\0\.cp\lib\javaagent-shaded.jar -Dfile.encoding=Cp1252 --module-path=C:\FATEC\Eclipse\SOTarefa04_04\bin -Djdk.module.main=SOTarefa04_04 
java_command: SOTarefa04_04/view.Main_Sapo
java_class_path (initial): <not set>
Launcher Type: SUN_STANDARD

[Global flags]
     intx CICompilerCount                          = 4                                         {product} {ergonomic}
     uint ConcGCThreads                            = 2                                         {product} {ergonomic}
     uint G1ConcRefinementThreads                  = 8                                         {product} {ergonomic}
   size_t G1HeapRegionSize                         = 1048576                                   {product} {ergonomic}
    uintx GCDrainStackTargetSize                   = 64                                        {product} {ergonomic}
   size_t InitialHeapSize                          = 132120576                                 {product} {ergonomic}
   size_t MarkStackSize                            = 4194304                                   {product} {ergonomic}
   size_t MaxHeapSize                              = 2109734912                                {product} {ergonomic}
   size_t MaxNewSize                               = 1265631232                                {product} {ergonomic}
   size_t MinHeapDeltaBytes                        = 1048576                                   {product} {ergonomic}
   size_t MinHeapSize                              = 8388608                                   {product} {ergonomic}
    uintx NonNMethodCodeHeapSize                   = 5839372                                {pd product} {ergonomic}
    uintx NonProfiledCodeHeapSize                  = 122909434                              {pd product} {ergonomic}
    uintx ProfiledCodeHeapSize                     = 122909434                              {pd product} {ergonomic}
    uintx ReservedCodeCacheSize                    = 251658240                              {pd product} {ergonomic}
     bool SegmentedCodeCache                       = true                                      {product} {ergonomic}
     bool ShowCodeDetailsInExceptionMessages       = true                                   {manageable} {command line}
   size_t SoftMaxHeapSize                          = 2109734912                             {manageable} {ergonomic}
     bool UseCompressedClassPointers               = true                                 {lp64_product} {ergonomic}
     bool UseCompressedOops                        = true                                 {lp64_product} {ergonomic}
     bool UseG1GC                                  = true                                      {product} {ergonomic}
     bool UseLargePagesIndividualAllocation        = false                                  {pd product} {ergonomic}

Logging:
Log output configuration:
 #0: stdout all=warning uptime,level,tags
 #1: stderr all=off uptime,level,tags

Environment Variables:
PATH=C:\Users\arrud\.p2\pool\plugins\org.eclipse.justj.openjdk.hotspot.jre.full.win32.x86_64_15.0.1.v20201027-0507\jre\bin;C:/Users/arrud/.p2/pool/plugins/org.eclipse.justj.openjdk.hotspot.jre.full.win32.x86_64_15.0.1.v20201027-0507/jre/bin/server;C:/Users/arrud/.p2/pool/plugins/org.eclipse.justj.openjdk.hotspot.jre.full.win32.x86_64_15.0.1.v20201027-0507/jre/bin;C:\ProgramData\Oracle\Java\javapath;C:\Program Files (x86)\Common Files\Oracle\Java\javapath;C:\Windows\system32;C:\Windows;C:\Windows\System32\Wbem;C:\Windows\System32\WindowsPowerShell\v1.0\;C:\Windows\System32\OpenSSH\;C:\Users\arrud\AppData\Local\Microsoft\WindowsApps;;C:\Users\arrud\PyCharm Community Edition 2020.2\bin;;C:\Windows\System32;
USERNAME=arrud
OS=Windows_NT
PROCESSOR_IDENTIFIER=Intel64 Family 6 Model 142 Stepping 12, GenuineIntel



---------------  S Y S T E M  ---------------

OS:
 Windows 10 , 64 bit Build 18362 (10.0.18362.1350)
OS uptime: 0 days 11:59 hours

CPU: total 8 (initial active 8) (4 cores per cpu, 2 threads per core) family 6 model 142 stepping 12 microcode 0xb8, cmov, cx8, fxsr, mmx, sse, sse2, sse3, ssse3, sse4.1, sse4.2, popcnt, vzeroupper, avx, avx2, aes, clmul, erms, 3dnowpref, lzcnt, ht, tsc, tscinvbit, bmi1, bmi2, adx, fma, clflush, clflushopt

Memory: 4k page, system-wide physical 8040M (3597M free)
TotalPageFile size 16232M (AvailPageFile size 10159M)
current process WorkingSet (physical memory assigned to process): 45M, peak: 48M
current process commit charge ("private bytes"): 208M, peak: 212M

vm_info: OpenJDK 64-Bit Server VM (15.0.1+9-18) for windows-amd64 JRE (15.0.1+9-18), built on Sep 15 2020 14:39:31 by "mach5one" with unknown MS VC++:1925

END.
